<?xml version="1.0" encoding="UTF-8"?>
<!-- Generated by org.testng.reporters.JUnitReportReporter -->
<testsuite skipped="0" hostname="DESKTOP-JBNJIEA" name="railway.account.BookTicketTest" tests="3" failures="0" timestamp="09 Jul 2021 11:37:19 GMT" time="18.177" errors="0">
  <testcase name="TC016" time="8.117" classname="railway.account.BookTicketTest"/>
  <testcase name="TC015" time="4.602" classname="railway.account.BookTicketTest"/>
  <testcase name="TC014" time="5.458" classname="railway.account.BookTicketTest"/>
</testsuite> <!-- railway.account.BookTicketTest -->
