<?xml version="1.0" encoding="UTF-8"?>
<!-- Generated by org.testng.reporters.JUnitReportReporter -->
<testsuite skipped="0" hostname="DESKTOP-JBNJIEA" name="railway.account.ChangePasswordTest" tests="1" failures="0" timestamp="09 Jul 2021 11:37:19 GMT" time="7.337" errors="0">
  <testcase name="TC09" time="7.337" classname="railway.account.ChangePasswordTest"/>
</testsuite> <!-- railway.account.ChangePasswordTest -->
