<?xml version="1.0" encoding="UTF-8"?>
<!-- Generated by org.testng.reporters.JUnitReportReporter -->
<testsuite skipped="0" hostname="DESKTOP-JBNJIEA" name="railway.InterfaceTest.DisplayTest" tests="1" failures="0" timestamp="09 Jul 2021 11:37:19 GMT" time="6.319" errors="0">
  <testcase name="TC06" time="6.319" classname="railway.InterfaceTest.DisplayTest"/>
</testsuite> <!-- railway.InterfaceTest.DisplayTest -->
